2017-02-11 14:59:17,777 INFO  org.apache.predictionio.tools.console.Console$ [main] - Using command '/Users/YitingWang/Desktop/Cornell/2017Spring/CS5152/apache-predictionio-0.10.0-incubating/PredictionIO-0.10.0-incubating/sbt/sbt' at the current working directory to build.
2017-02-11 14:59:17,778 INFO  org.apache.predictionio.tools.console.Console$ [main] - If the path above is incorrect, this process will fail.
2017-02-11 14:59:17,779 INFO  org.apache.predictionio.tools.console.Console$ [main] - Uber JAR disabled. Making sure lib/pio-assembly-0.10.0-incubating.jar is absent.
2017-02-11 14:59:17,780 INFO  org.apache.predictionio.tools.console.Console$ [main] - Going to run: /Users/YitingWang/Desktop/Cornell/2017Spring/CS5152/apache-predictionio-0.10.0-incubating/PredictionIO-0.10.0-incubating/sbt/sbt  package assemblyPackageDependency
2017-02-11 14:59:34,803 ERROR org.apache.predictionio.tools.console.Console$ [Thread-1] - [0m[[31merror[0m] [0m(*:[31mupdate[0m) sbt.ResolveException: unresolved dependency: io.prediction#core_2.10;0.10.0-incubating: not found[0m
2017-02-11 14:59:34,807 ERROR org.apache.predictionio.tools.console.Console$ [Thread-1] - [0m[[31merror[0m] [0mTotal time: 5 s, completed Feb 11, 2017 2:59:34 PM[0m
2017-02-11 14:59:34,947 ERROR org.apache.predictionio.tools.console.Console$ [main] - Return code of previous step is 1. Aborting.
2017-02-11 15:04:15,674 INFO  org.apache.predictionio.tools.console.Console$ [main] - Using existing engine manifest JSON at /Users/YitingWang/Desktop/Cornell/2017Spring/CS5152/koober/pio-engine/manifest.json
2017-02-11 15:04:15,726 INFO  org.apache.predictionio.tools.console.Console$ [main] - Using command '/Users/YitingWang/Desktop/Cornell/2017Spring/CS5152/apache-predictionio-0.10.0-incubating/PredictionIO-0.10.0-incubating/sbt/sbt' at the current working directory to build.
2017-02-11 15:04:15,727 INFO  org.apache.predictionio.tools.console.Console$ [main] - If the path above is incorrect, this process will fail.
2017-02-11 15:04:15,728 INFO  org.apache.predictionio.tools.console.Console$ [main] - Uber JAR disabled. Making sure lib/pio-assembly-0.10.0-incubating.jar is absent.
2017-02-11 15:04:15,729 INFO  org.apache.predictionio.tools.console.Console$ [main] - Going to run: /Users/YitingWang/Desktop/Cornell/2017Spring/CS5152/apache-predictionio-0.10.0-incubating/PredictionIO-0.10.0-incubating/sbt/sbt  package assemblyPackageDependency
2017-02-11 15:04:25,890 ERROR org.apache.predictionio.tools.console.Console$ [Thread-1] - [0m[[31merror[0m] [0m(*:[31mupdate[0m) sbt.ResolveException: unresolved dependency: io.prediction#core_2.10;0.10.0-incubating: not found[0m
2017-02-11 15:04:25,893 ERROR org.apache.predictionio.tools.console.Console$ [Thread-1] - [0m[[31merror[0m] [0mTotal time: 6 s, completed Feb 11, 2017 3:04:25 PM[0m
2017-02-11 15:04:25,966 ERROR org.apache.predictionio.tools.console.Console$ [main] - Return code of previous step is 1. Aborting.
2017-02-11 15:05:04,159 INFO  org.apache.predictionio.tools.console.Console$ [main] - Using existing engine manifest JSON at /Users/YitingWang/Desktop/Cornell/2017Spring/CS5152/koober/pio-engine/manifest.json
2017-02-11 15:05:04,211 INFO  org.apache.predictionio.tools.console.Console$ [main] - Using command '/Users/YitingWang/Desktop/Cornell/2017Spring/CS5152/apache-predictionio-0.10.0-incubating/PredictionIO-0.10.0-incubating/sbt/sbt' at the current working directory to build.
2017-02-11 15:05:04,212 INFO  org.apache.predictionio.tools.console.Console$ [main] - If the path above is incorrect, this process will fail.
2017-02-11 15:05:04,212 INFO  org.apache.predictionio.tools.console.Console$ [main] - Uber JAR disabled. Making sure lib/pio-assembly-0.10.0-incubating.jar is absent.
2017-02-11 15:05:04,213 INFO  org.apache.predictionio.tools.console.Console$ [main] - Going to run: /Users/YitingWang/Desktop/Cornell/2017Spring/CS5152/apache-predictionio-0.10.0-incubating/PredictionIO-0.10.0-incubating/sbt/sbt  package assemblyPackageDependency
2017-02-11 15:05:25,205 ERROR org.apache.predictionio.tools.console.Console$ [Thread-1] - [0m[[31merror[0m] [0m/Users/YitingWang/Desktop/Cornell/2017Spring/CS5152/koober/pio-engine/src/main/scala/Algorithm.scala:31: value circuitsIds is not a member of detrevid.predictionio.loadforecasting.PreparedData[0m
2017-02-11 15:05:25,206 ERROR org.apache.predictionio.tools.console.Console$ [Thread-1] - [0m[[31merror[0m] [0m    val mod: Map[Int, LinearRegressionModel] = (data.circuitsIds map {[0m
2017-02-11 15:05:25,208 ERROR org.apache.predictionio.tools.console.Console$ [Thread-1] - [0m[[31merror[0m] [0m                                                     ^[0m
2017-02-11 15:05:25,257 ERROR org.apache.predictionio.tools.console.Console$ [Thread-1] - [0m[[31merror[0m] [0m/Users/YitingWang/Desktop/Cornell/2017Spring/CS5152/koober/pio-engine/src/main/scala/Algorithm.scala:51: value circuitId is not a member of detrevid.predictionio.loadforecasting.Query[0m
2017-02-11 15:05:25,257 ERROR org.apache.predictionio.tools.console.Console$ [Thread-1] - [0m[[31merror[0m] [0m    val features = Preparator.toFeaturesVector(query.circuitId, query.timestamp)[0m
2017-02-11 15:05:25,258 ERROR org.apache.predictionio.tools.console.Console$ [Thread-1] - [0m[[31merror[0m] [0m                                                     ^[0m
2017-02-11 15:05:25,271 ERROR org.apache.predictionio.tools.console.Console$ [Thread-1] - [0m[[31merror[0m] [0m/Users/YitingWang/Desktop/Cornell/2017Spring/CS5152/koober/pio-engine/src/main/scala/Algorithm.scala:52: value circuitId is not a member of detrevid.predictionio.loadforecasting.Query[0m
2017-02-11 15:05:25,272 ERROR org.apache.predictionio.tools.console.Console$ [Thread-1] - [0m[[31merror[0m] [0m    mod(query.circuitId).predict(features)[0m
2017-02-11 15:05:25,272 ERROR org.apache.predictionio.tools.console.Console$ [Thread-1] - [0m[[31merror[0m] [0m              ^[0m
2017-02-11 15:05:25,668 ERROR org.apache.predictionio.tools.console.Console$ [Thread-1] - [0m[[31merror[0m] [0m/Users/YitingWang/Desktop/Cornell/2017Spring/CS5152/koober/pio-engine/src/main/scala/DataSource.scala:78: not enough arguments for constructor Query: (eventTime: Long, lng: Double, lat: Double)detrevid.predictionio.loadforecasting.Query.[0m
2017-02-11 15:05:25,669 ERROR org.apache.predictionio.tools.console.Console$ [Thread-1] - [0m[[31merror[0m] [0mUnspecified value parameter lat.[0m
2017-02-11 15:05:25,669 ERROR org.apache.predictionio.tools.console.Console$ [Thread-1] - [0m[[31merror[0m] [0m          p => (new Query(p.circuitId, p.timestamp), new ActualResult(p.energyConsumption))[0m
2017-02-11 15:05:25,669 ERROR org.apache.predictionio.tools.console.Console$ [Thread-1] - [0m[[31merror[0m] [0m                ^[0m
2017-02-11 15:05:25,898 ERROR org.apache.predictionio.tools.console.Console$ [Thread-1] - [0m[[31merror[0m] [0m/Users/YitingWang/Desktop/Cornell/2017Spring/CS5152/koober/pio-engine/src/main/scala/DataSource.scala:70: type mismatch;[0m
2017-02-11 15:05:25,898 ERROR org.apache.predictionio.tools.console.Console$ [Thread-1] - [0m[[31merror[0m] [0m found   : scala.collection.immutable.IndexedSeq[(detrevid.predictionio.loadforecasting.TrainingData, org.apache.predictionio.controller.SerializableClass, org.apache.spark.rdd.RDD[Nothing])][0m
2017-02-11 15:05:25,898 ERROR org.apache.predictionio.tools.console.Console$ [Thread-1] - [0m[[31merror[0m] [0m required: Seq[(detrevid.predictionio.loadforecasting.TrainingData, org.apache.predictionio.controller.EmptyEvaluationInfo, org.apache.spark.rdd.RDD[(detrevid.predictionio.loadforecasting.Query, detrevid.predictionio.loadforecasting.ActualResult)])][0m
2017-02-11 15:05:25,898 ERROR org.apache.predictionio.tools.console.Console$ [Thread-1] - [0m[[31merror[0m] [0m    (0 until evalK).map { idx =>[0m
2017-02-11 15:05:25,898 ERROR org.apache.predictionio.tools.console.Console$ [Thread-1] - [0m[[31merror[0m] [0m                        ^[0m
2017-02-11 15:05:26,004 ERROR org.apache.predictionio.tools.console.Console$ [Thread-1] - [0m[[31merror[0m] [0m/Users/YitingWang/Desktop/Cornell/2017Spring/CS5152/koober/pio-engine/src/main/scala/Evaluation.scala:25: value label is not a member of detrevid.predictionio.loadforecasting.PredictedResult[0m
2017-02-11 15:05:26,005 ERROR org.apache.predictionio.tools.console.Console$ [Thread-1] - [0m[[31merror[0m] [0m    pow(predicted.label - actual.label, 2)[0m
2017-02-11 15:05:26,005 ERROR org.apache.predictionio.tools.console.Console$ [Thread-1] - [0m[[31merror[0m] [0m                  ^[0m
2017-02-11 15:05:26,075 ERROR org.apache.predictionio.tools.console.Console$ [Thread-1] - [0m[[31merror[0m] [0m/Users/YitingWang/Desktop/Cornell/2017Spring/CS5152/koober/pio-engine/src/main/scala/Preparator.scala:29: value eventTime is not a member of detrevid.predictionio.loadforecasting.ConsumptionEvent[0m
2017-02-11 15:05:26,075 ERROR org.apache.predictionio.tools.console.Console$ [Thread-1] - [0m[[31merror[0m] [0m    val eventTimes = trainingData.data map { _.eventTime } distinct() collect()[0m
2017-02-11 15:05:26,075 ERROR org.apache.predictionio.tools.console.Console$ [Thread-1] - [0m[[31merror[0m] [0m                                               ^[0m
2017-02-11 15:05:26,078 ERROR org.apache.predictionio.tools.console.Console$ [Thread-1] - [0m[[31merror[0m] [0m/Users/YitingWang/Desktop/Cornell/2017Spring/CS5152/koober/pio-engine/src/main/scala/Preparator.scala:32: value eventTime is not a member of detrevid.predictionio.loadforecasting.ConsumptionEvent[0m
2017-02-11 15:05:26,079 ERROR org.apache.predictionio.tools.console.Console$ [Thread-1] - [0m[[31merror[0m] [0m      ev => (ev.eventTime, 1)[0m
2017-02-11 15:05:26,079 ERROR org.apache.predictionio.tools.console.Console$ [Thread-1] - [0m[[31merror[0m] [0m                ^[0m
2017-02-11 15:05:26,134 ERROR org.apache.predictionio.tools.console.Console$ [Thread-1] - [0m[[31merror[0m] [0m/Users/YitingWang/Desktop/Cornell/2017Spring/CS5152/koober/pio-engine/src/main/scala/Preparator.scala:63: missing arguments for method effectCoding in object Coder;[0m
2017-02-11 15:05:26,134 ERROR org.apache.predictionio.tools.console.Console$ [Thread-1] - [0m[[31merror[0m] [0mfollow this method with `_' if you want to treat it as a partially applied function[0m
2017-02-11 15:05:26,134 ERROR org.apache.predictionio.tools.console.Console$ [Thread-1] - [0m[[31merror[0m] [0m    toFeaturesVector(eventTime, Coder.effectCoding)[0m
2017-02-11 15:05:26,134 ERROR org.apache.predictionio.tools.console.Console$ [Thread-1] - [0m[[31merror[0m] [0m                                      ^[0m
2017-02-11 15:05:26,430 ERROR org.apache.predictionio.tools.console.Console$ [Thread-1] - [0m[[31merror[0m] [0m9 errors found[0m
2017-02-11 15:05:26,453 ERROR org.apache.predictionio.tools.console.Console$ [Thread-1] - [0m[[31merror[0m] [0m(compile:[31mcompile[0m) Compilation failed[0m
2017-02-11 15:05:26,461 ERROR org.apache.predictionio.tools.console.Console$ [Thread-1] - [0m[[31merror[0m] [0mTotal time: 15 s, completed Feb 11, 2017 3:05:26 PM[0m
2017-02-11 15:05:26,534 ERROR org.apache.predictionio.tools.console.Console$ [main] - Return code of previous step is 1. Aborting.
2017-02-11 15:10:24,834 INFO  org.apache.predictionio.tools.console.Console$ [main] - Using existing engine manifest JSON at /Users/YitingWang/Desktop/Cornell/2017Spring/CS5152/koober/pio-engine/manifest.json
2017-02-11 15:10:24,933 INFO  org.apache.predictionio.tools.console.Console$ [main] - Using command '/Users/YitingWang/Desktop/Cornell/2017Spring/CS5152/apache-predictionio-0.10.0-incubating/PredictionIO-0.10.0-incubating/sbt/sbt' at the current working directory to build.
2017-02-11 15:10:24,933 INFO  org.apache.predictionio.tools.console.Console$ [main] - If the path above is incorrect, this process will fail.
2017-02-11 15:10:24,934 INFO  org.apache.predictionio.tools.console.Console$ [main] - Uber JAR disabled. Making sure lib/pio-assembly-0.10.0-incubating.jar is absent.
2017-02-11 15:10:24,934 INFO  org.apache.predictionio.tools.console.Console$ [main] - Going to run: /Users/YitingWang/Desktop/Cornell/2017Spring/CS5152/apache-predictionio-0.10.0-incubating/PredictionIO-0.10.0-incubating/sbt/sbt  package assemblyPackageDependency
2017-02-11 15:10:32,774 ERROR org.apache.predictionio.tools.console.Console$ [Thread-1] - [0m[[31merror[0m] [0m/Users/YitingWang/Desktop/Cornell/2017Spring/CS5152/koober/pio-engine/src/main/scala/Algorithm.scala:31: value circuitsIds is not a member of detrevid.predictionio.loadforecasting.PreparedData[0m
2017-02-11 15:10:32,775 ERROR org.apache.predictionio.tools.console.Console$ [Thread-1] - [0m[[31merror[0m] [0m    val mod: Map[Int, LinearRegressionModel] = (data.circuitsIds map {[0m
2017-02-11 15:10:32,775 ERROR org.apache.predictionio.tools.console.Console$ [Thread-1] - [0m[[31merror[0m] [0m                                                     ^[0m
2017-02-11 15:10:32,846 ERROR org.apache.predictionio.tools.console.Console$ [Thread-1] - [0m[[31merror[0m] [0m/Users/YitingWang/Desktop/Cornell/2017Spring/CS5152/koober/pio-engine/src/main/scala/Algorithm.scala:51: value circuitId is not a member of detrevid.predictionio.loadforecasting.Query[0m
2017-02-11 15:10:32,846 ERROR org.apache.predictionio.tools.console.Console$ [Thread-1] - [0m[[31merror[0m] [0m    val features = Preparator.toFeaturesVector(query.circuitId, query.timestamp)[0m
2017-02-11 15:10:32,846 ERROR org.apache.predictionio.tools.console.Console$ [Thread-1] - [0m[[31merror[0m] [0m                                                     ^[0m
2017-02-11 15:10:32,887 ERROR org.apache.predictionio.tools.console.Console$ [Thread-1] - [0m[[31merror[0m] [0m/Users/YitingWang/Desktop/Cornell/2017Spring/CS5152/koober/pio-engine/src/main/scala/Algorithm.scala:52: value circuitId is not a member of detrevid.predictionio.loadforecasting.Query[0m
2017-02-11 15:10:32,887 ERROR org.apache.predictionio.tools.console.Console$ [Thread-1] - [0m[[31merror[0m] [0m    mod(query.circuitId).predict(features)[0m
2017-02-11 15:10:32,888 ERROR org.apache.predictionio.tools.console.Console$ [Thread-1] - [0m[[31merror[0m] [0m              ^[0m
2017-02-11 15:10:33,387 ERROR org.apache.predictionio.tools.console.Console$ [Thread-1] - [0m[[31merror[0m] [0m/Users/YitingWang/Desktop/Cornell/2017Spring/CS5152/koober/pio-engine/src/main/scala/DataSource.scala:37: constructor cannot be instantiated to expected type;[0m
2017-02-11 15:10:33,388 ERROR org.apache.predictionio.tools.console.Console$ [Thread-1] - [0m[[31merror[0m] [0m found   : (T1, T2, T3)[0m
2017-02-11 15:10:33,388 ERROR org.apache.predictionio.tools.console.Console$ [Thread-1] - [0m[[31merror[0m] [0m required: (String, org.apache.predictionio.data.storage.PropertyMap)[0m
2017-02-11 15:10:33,388 ERROR org.apache.predictionio.tools.console.Console$ [Thread-1] - [0m[[31merror[0m] [0m      .map { case (entityId, eventTime, properties) =>[0m
2017-02-11 15:10:33,388 ERROR org.apache.predictionio.tools.console.Console$ [Thread-1] - [0m[[31merror[0m] [0m                  ^[0m
2017-02-11 15:10:33,447 ERROR org.apache.predictionio.tools.console.Console$ [Thread-1] - [0m[[31merror[0m] [0m/Users/YitingWang/Desktop/Cornell/2017Spring/CS5152/koober/pio-engine/src/main/scala/DataSource.scala:78: value demand is not a member of detrevid.predictionio.loadforecasting.UserEvent[0m
2017-02-11 15:10:33,448 ERROR org.apache.predictionio.tools.console.Console$ [Thread-1] - [0m[[31merror[0m] [0m          p => (new Query(p.eventTime, p.lat, p.lng), new ActualResult(p.demand))[0m
2017-02-11 15:10:33,448 ERROR org.apache.predictionio.tools.console.Console$ [Thread-1] - [0m[[31merror[0m] [0m                                                                         ^[0m
2017-02-11 15:10:33,662 ERROR org.apache.predictionio.tools.console.Console$ [Thread-1] - [0m[[31merror[0m] [0m/Users/YitingWang/Desktop/Cornell/2017Spring/CS5152/koober/pio-engine/src/main/scala/Evaluation.scala:25: value label is not a member of detrevid.predictionio.loadforecasting.PredictedResult[0m
2017-02-11 15:10:33,662 ERROR org.apache.predictionio.tools.console.Console$ [Thread-1] - [0m[[31merror[0m] [0m    pow(predicted.label - actual.label, 2)[0m
2017-02-11 15:10:33,663 ERROR org.apache.predictionio.tools.console.Console$ [Thread-1] - [0m[[31merror[0m] [0m                  ^[0m
2017-02-11 15:10:33,806 ERROR org.apache.predictionio.tools.console.Console$ [Thread-1] - [0m[[31merror[0m] [0m/Users/YitingWang/Desktop/Cornell/2017Spring/CS5152/koober/pio-engine/src/main/scala/Preparator.scala:35: type mismatch;[0m
2017-02-11 15:10:33,806 ERROR org.apache.predictionio.tools.console.Console$ [Thread-1] - [0m[[31merror[0m] [0m found   : org.apache.spark.rdd.RDD[(Long, Int)][0m
2017-02-11 15:10:33,807 ERROR org.apache.predictionio.tools.console.Console$ [Thread-1] - [0m[[31merror[0m] [0m required: org.apache.spark.rdd.RDD[(Int, org.apache.spark.mllib.regression.LabeledPoint)][0m
2017-02-11 15:10:33,807 ERROR org.apache.predictionio.tools.console.Console$ [Thread-1] - [0m[[31merror[0m] [0m    new PreparedData(eventTimes, data)[0m
2017-02-11 15:10:33,807 ERROR org.apache.predictionio.tools.console.Console$ [Thread-1] - [0m[[31merror[0m] [0m                                 ^[0m
2017-02-11 15:10:33,869 ERROR org.apache.predictionio.tools.console.Console$ [Thread-1] - [0m[[31merror[0m] [0m/Users/YitingWang/Desktop/Cornell/2017Spring/CS5152/koober/pio-engine/src/main/scala/Preparator.scala:63: missing arguments for method effectCoding in object Coder;[0m
2017-02-11 15:10:33,870 ERROR org.apache.predictionio.tools.console.Console$ [Thread-1] - [0m[[31merror[0m] [0mfollow this method with `_' if you want to treat it as a partially applied function[0m
2017-02-11 15:10:33,870 ERROR org.apache.predictionio.tools.console.Console$ [Thread-1] - [0m[[31merror[0m] [0m    toFeaturesVector(eventTime, Coder.effectCoding)[0m
2017-02-11 15:10:33,870 ERROR org.apache.predictionio.tools.console.Console$ [Thread-1] - [0m[[31merror[0m] [0m                                      ^[0m
2017-02-11 15:10:34,164 ERROR org.apache.predictionio.tools.console.Console$ [Thread-1] - [0m[[31merror[0m] [0m8 errors found[0m
2017-02-11 15:10:34,184 ERROR org.apache.predictionio.tools.console.Console$ [Thread-1] - [0m[[31merror[0m] [0m(compile:[31mcompile[0m) Compilation failed[0m
2017-02-11 15:10:34,189 ERROR org.apache.predictionio.tools.console.Console$ [Thread-1] - [0m[[31merror[0m] [0mTotal time: 4 s, completed Feb 11, 2017 3:10:34 PM[0m
2017-02-11 15:10:34,261 ERROR org.apache.predictionio.tools.console.Console$ [main] - Return code of previous step is 1. Aborting.
2017-02-11 15:12:49,134 INFO  org.apache.predictionio.tools.console.Console$ [main] - Using existing engine manifest JSON at /Users/YitingWang/Desktop/Cornell/2017Spring/CS5152/koober/pio-engine/manifest.json
2017-02-11 15:12:49,197 INFO  org.apache.predictionio.tools.console.Console$ [main] - Using command '/Users/YitingWang/Desktop/Cornell/2017Spring/CS5152/apache-predictionio-0.10.0-incubating/PredictionIO-0.10.0-incubating/sbt/sbt' at the current working directory to build.
2017-02-11 15:12:49,198 INFO  org.apache.predictionio.tools.console.Console$ [main] - If the path above is incorrect, this process will fail.
2017-02-11 15:12:49,200 INFO  org.apache.predictionio.tools.console.Console$ [main] - Uber JAR disabled. Making sure lib/pio-assembly-0.10.0-incubating.jar is absent.
2017-02-11 15:12:49,201 INFO  org.apache.predictionio.tools.console.Console$ [main] - Going to run: /Users/YitingWang/Desktop/Cornell/2017Spring/CS5152/apache-predictionio-0.10.0-incubating/PredictionIO-0.10.0-incubating/sbt/sbt  package assemblyPackageDependency
2017-02-11 15:12:55,106 ERROR org.apache.predictionio.tools.console.Console$ [Thread-1] - [0m[[31merror[0m] [0m/Users/YitingWang/Desktop/Cornell/2017Spring/CS5152/koober/pio-engine/src/main/scala/DataSource.scala:19: ':' expected but identifier found.[0m
2017-02-11 15:12:55,108 ERROR org.apache.predictionio.tools.console.Console$ [Thread-1] - [0m[[31merror[0m] [0m<<<<<<< Updated upstream[0m
2017-02-11 15:12:55,109 ERROR org.apache.predictionio.tools.console.Console$ [Thread-1] - [0m[[31merror[0m] [0m        ^[0m
2017-02-11 15:12:55,109 ERROR org.apache.predictionio.tools.console.Console$ [Thread-1] - [0m[[31merror[0m] [0m/Users/YitingWang/Desktop/Cornell/2017Spring/CS5152/koober/pio-engine/src/main/scala/DataSource.scala:100: identifier expected but eof found.[0m
2017-02-11 15:12:55,109 ERROR org.apache.predictionio.tools.console.Console$ [Thread-1] - [0m[[31merror[0m] [0m}[0m
2017-02-11 15:12:55,109 ERROR org.apache.predictionio.tools.console.Console$ [Thread-1] - [0m[[31merror[0m] [0m ^[0m
2017-02-11 15:12:55,157 ERROR org.apache.predictionio.tools.console.Console$ [Thread-1] - [0m[[31merror[0m] [0mtwo errors found[0m
2017-02-11 15:12:55,180 ERROR org.apache.predictionio.tools.console.Console$ [Thread-1] - [0m[[31merror[0m] [0m(compile:[31mcompile[0m) Compilation failed[0m
2017-02-11 15:12:55,187 ERROR org.apache.predictionio.tools.console.Console$ [Thread-1] - [0m[[31merror[0m] [0mTotal time: 1 s, completed Feb 11, 2017 3:12:55 PM[0m
2017-02-11 15:12:55,247 ERROR org.apache.predictionio.tools.console.Console$ [main] - Return code of previous step is 1. Aborting.
2017-02-11 15:13:10,703 INFO  org.apache.predictionio.tools.console.Console$ [main] - Using existing engine manifest JSON at /Users/YitingWang/Desktop/Cornell/2017Spring/CS5152/koober/pio-engine/manifest.json
2017-02-11 15:13:10,760 INFO  org.apache.predictionio.tools.console.Console$ [main] - Using command '/Users/YitingWang/Desktop/Cornell/2017Spring/CS5152/apache-predictionio-0.10.0-incubating/PredictionIO-0.10.0-incubating/sbt/sbt' at the current working directory to build.
2017-02-11 15:13:10,760 INFO  org.apache.predictionio.tools.console.Console$ [main] - If the path above is incorrect, this process will fail.
2017-02-11 15:13:10,761 INFO  org.apache.predictionio.tools.console.Console$ [main] - Uber JAR disabled. Making sure lib/pio-assembly-0.10.0-incubating.jar is absent.
2017-02-11 15:13:10,761 INFO  org.apache.predictionio.tools.console.Console$ [main] - Going to run: /Users/YitingWang/Desktop/Cornell/2017Spring/CS5152/apache-predictionio-0.10.0-incubating/PredictionIO-0.10.0-incubating/sbt/sbt  package assemblyPackageDependency
2017-02-11 15:13:17,626 ERROR org.apache.predictionio.tools.console.Console$ [Thread-1] - [0m[[31merror[0m] [0m/Users/YitingWang/Desktop/Cornell/2017Spring/CS5152/koober/pio-engine/src/main/scala/Algorithm.scala:31: value circuitsIds is not a member of detrevid.predictionio.loadforecasting.PreparedData[0m
2017-02-11 15:13:17,626 ERROR org.apache.predictionio.tools.console.Console$ [Thread-1] - [0m[[31merror[0m] [0m    val mod: Map[Int, LinearRegressionModel] = (data.circuitsIds map {[0m
2017-02-11 15:13:17,627 ERROR org.apache.predictionio.tools.console.Console$ [Thread-1] - [0m[[31merror[0m] [0m                                                     ^[0m
2017-02-11 15:13:17,695 ERROR org.apache.predictionio.tools.console.Console$ [Thread-1] - [0m[[31merror[0m] [0m/Users/YitingWang/Desktop/Cornell/2017Spring/CS5152/koober/pio-engine/src/main/scala/Algorithm.scala:51: value circuitId is not a member of detrevid.predictionio.loadforecasting.Query[0m
2017-02-11 15:13:17,695 ERROR org.apache.predictionio.tools.console.Console$ [Thread-1] - [0m[[31merror[0m] [0m    val features = Preparator.toFeaturesVector(query.circuitId, query.timestamp)[0m
2017-02-11 15:13:17,695 ERROR org.apache.predictionio.tools.console.Console$ [Thread-1] - [0m[[31merror[0m] [0m                                                     ^[0m
2017-02-11 15:13:17,729 ERROR org.apache.predictionio.tools.console.Console$ [Thread-1] - [0m[[31merror[0m] [0m/Users/YitingWang/Desktop/Cornell/2017Spring/CS5152/koober/pio-engine/src/main/scala/Algorithm.scala:52: value circuitId is not a member of detrevid.predictionio.loadforecasting.Query[0m
2017-02-11 15:13:17,732 ERROR org.apache.predictionio.tools.console.Console$ [Thread-1] - [0m[[31merror[0m] [0m    mod(query.circuitId).predict(features)[0m
2017-02-11 15:13:17,732 ERROR org.apache.predictionio.tools.console.Console$ [Thread-1] - [0m[[31merror[0m] [0m              ^[0m
2017-02-11 15:13:18,182 ERROR org.apache.predictionio.tools.console.Console$ [Thread-1] - [0m[[31merror[0m] [0m/Users/YitingWang/Desktop/Cornell/2017Spring/CS5152/koober/pio-engine/src/main/scala/DataSource.scala:40: not found: value eventTime[0m
2017-02-11 15:13:18,182 ERROR org.apache.predictionio.tools.console.Console$ [Thread-1] - [0m[[31merror[0m] [0m          eventTime=eventTime,[0m
2017-02-11 15:13:18,182 ERROR org.apache.predictionio.tools.console.Console$ [Thread-1] - [0m[[31merror[0m] [0m                    ^[0m
2017-02-11 15:13:18,239 ERROR org.apache.predictionio.tools.console.Console$ [Thread-1] - [0m[[31merror[0m] [0m/Users/YitingWang/Desktop/Cornell/2017Spring/CS5152/koober/pio-engine/src/main/scala/DataSource.scala:78: value demand is not a member of detrevid.predictionio.loadforecasting.UserEvent[0m
2017-02-11 15:13:18,239 ERROR org.apache.predictionio.tools.console.Console$ [Thread-1] - [0m[[31merror[0m] [0m          p => (new Query(p.eventTime, p.lat, p.lng), new ActualResult(p.demand))[0m
2017-02-11 15:13:18,239 ERROR org.apache.predictionio.tools.console.Console$ [Thread-1] - [0m[[31merror[0m] [0m                                                                         ^[0m
2017-02-11 15:13:18,577 ERROR org.apache.predictionio.tools.console.Console$ [Thread-1] - [0m[[31merror[0m] [0m/Users/YitingWang/Desktop/Cornell/2017Spring/CS5152/koober/pio-engine/src/main/scala/Preparator.scala:35: type mismatch;[0m
2017-02-11 15:13:18,578 ERROR org.apache.predictionio.tools.console.Console$ [Thread-1] - [0m[[31merror[0m] [0m found   : org.apache.spark.rdd.RDD[(Long, Int)][0m
2017-02-11 15:13:18,578 ERROR org.apache.predictionio.tools.console.Console$ [Thread-1] - [0m[[31merror[0m] [0m required: org.apache.spark.rdd.RDD[(Int, org.apache.spark.mllib.regression.LabeledPoint)][0m
2017-02-11 15:13:18,578 ERROR org.apache.predictionio.tools.console.Console$ [Thread-1] - [0m[[31merror[0m] [0m    new PreparedData(eventTimes, data)[0m
2017-02-11 15:13:18,578 ERROR org.apache.predictionio.tools.console.Console$ [Thread-1] - [0m[[31merror[0m] [0m                                 ^[0m
2017-02-11 15:13:18,635 ERROR org.apache.predictionio.tools.console.Console$ [Thread-1] - [0m[[31merror[0m] [0m/Users/YitingWang/Desktop/Cornell/2017Spring/CS5152/koober/pio-engine/src/main/scala/Preparator.scala:63: missing arguments for method effectCoding in object Coder;[0m
2017-02-11 15:13:18,635 ERROR org.apache.predictionio.tools.console.Console$ [Thread-1] - [0m[[31merror[0m] [0mfollow this method with `_' if you want to treat it as a partially applied function[0m
2017-02-11 15:13:18,635 ERROR org.apache.predictionio.tools.console.Console$ [Thread-1] - [0m[[31merror[0m] [0m    toFeaturesVector(eventTime, Coder.effectCoding)[0m
2017-02-11 15:13:18,635 ERROR org.apache.predictionio.tools.console.Console$ [Thread-1] - [0m[[31merror[0m] [0m                                      ^[0m
2017-02-11 15:13:18,918 ERROR org.apache.predictionio.tools.console.Console$ [Thread-1] - [0m[[31merror[0m] [0m7 errors found[0m
2017-02-11 15:13:18,941 ERROR org.apache.predictionio.tools.console.Console$ [Thread-1] - [0m[[31merror[0m] [0m(compile:[31mcompile[0m) Compilation failed[0m
2017-02-11 15:13:18,948 ERROR org.apache.predictionio.tools.console.Console$ [Thread-1] - [0m[[31merror[0m] [0mTotal time: 3 s, completed Feb 11, 2017 3:13:18 PM[0m
2017-02-11 15:13:19,005 ERROR org.apache.predictionio.tools.console.Console$ [main] - Return code of previous step is 1. Aborting.
2017-02-11 15:18:42,401 INFO  org.apache.predictionio.tools.console.Console$ [main] - Using existing engine manifest JSON at /Users/YitingWang/Desktop/Cornell/2017Spring/CS5152/koober/pio-engine/manifest.json
2017-02-11 15:18:42,458 INFO  org.apache.predictionio.tools.console.Console$ [main] - Using command '/Users/YitingWang/Desktop/Cornell/2017Spring/CS5152/apache-predictionio-0.10.0-incubating/PredictionIO-0.10.0-incubating/sbt/sbt' at the current working directory to build.
2017-02-11 15:18:42,459 INFO  org.apache.predictionio.tools.console.Console$ [main] - If the path above is incorrect, this process will fail.
2017-02-11 15:18:42,459 INFO  org.apache.predictionio.tools.console.Console$ [main] - Uber JAR disabled. Making sure lib/pio-assembly-0.10.0-incubating.jar is absent.
2017-02-11 15:18:42,460 INFO  org.apache.predictionio.tools.console.Console$ [main] - Going to run: /Users/YitingWang/Desktop/Cornell/2017Spring/CS5152/apache-predictionio-0.10.0-incubating/PredictionIO-0.10.0-incubating/sbt/sbt  package assemblyPackageDependency
2017-02-11 15:18:49,644 ERROR org.apache.predictionio.tools.console.Console$ [Thread-1] - [0m[[31merror[0m] [0m/Users/YitingWang/Desktop/Cornell/2017Spring/CS5152/koober/pio-engine/src/main/scala/DataSource.scala:40: not found: value eventTime[0m
2017-02-11 15:18:49,647 ERROR org.apache.predictionio.tools.console.Console$ [Thread-1] - [0m[[31merror[0m] [0m          eventTime=eventTime,[0m
2017-02-11 15:18:49,647 ERROR org.apache.predictionio.tools.console.Console$ [Thread-1] - [0m[[31merror[0m] [0m                    ^[0m
2017-02-11 15:18:49,707 ERROR org.apache.predictionio.tools.console.Console$ [Thread-1] - [0m[[31merror[0m] [0m/Users/YitingWang/Desktop/Cornell/2017Spring/CS5152/koober/pio-engine/src/main/scala/DataSource.scala:78: value demand is not a member of detrevid.predictionio.loadforecasting.UserEvent[0m
2017-02-11 15:18:49,707 ERROR org.apache.predictionio.tools.console.Console$ [Thread-1] - [0m[[31merror[0m] [0m          p => (new Query(p.eventTime, p.lat, p.lng), new ActualResult(p.demand))[0m
2017-02-11 15:18:49,707 ERROR org.apache.predictionio.tools.console.Console$ [Thread-1] - [0m[[31merror[0m] [0m                                                                         ^[0m
2017-02-11 15:18:50,023 ERROR org.apache.predictionio.tools.console.Console$ [Thread-1] - [0m[[31merror[0m] [0m/Users/YitingWang/Desktop/Cornell/2017Spring/CS5152/koober/pio-engine/src/main/scala/Preparator.scala:35: type mismatch;[0m
2017-02-11 15:18:50,024 ERROR org.apache.predictionio.tools.console.Console$ [Thread-1] - [0m[[31merror[0m] [0m found   : org.apache.spark.rdd.RDD[(Long, Int)][0m
2017-02-11 15:18:50,024 ERROR org.apache.predictionio.tools.console.Console$ [Thread-1] - [0m[[31merror[0m] [0m required: org.apache.spark.rdd.RDD[(Int, org.apache.spark.mllib.regression.LabeledPoint)][0m
2017-02-11 15:18:50,024 ERROR org.apache.predictionio.tools.console.Console$ [Thread-1] - [0m[[31merror[0m] [0m    new PreparedData(eventTimes, data)[0m
2017-02-11 15:18:50,024 ERROR org.apache.predictionio.tools.console.Console$ [Thread-1] - [0m[[31merror[0m] [0m                                 ^[0m
2017-02-11 15:18:50,084 ERROR org.apache.predictionio.tools.console.Console$ [Thread-1] - [0m[[31merror[0m] [0m/Users/YitingWang/Desktop/Cornell/2017Spring/CS5152/koober/pio-engine/src/main/scala/Preparator.scala:63: missing arguments for method effectCoding in object Coder;[0m
2017-02-11 15:18:50,085 ERROR org.apache.predictionio.tools.console.Console$ [Thread-1] - [0m[[31merror[0m] [0mfollow this method with `_' if you want to treat it as a partially applied function[0m
2017-02-11 15:18:50,085 ERROR org.apache.predictionio.tools.console.Console$ [Thread-1] - [0m[[31merror[0m] [0m    toFeaturesVector(eventTime, Coder.effectCoding)[0m
2017-02-11 15:18:50,085 ERROR org.apache.predictionio.tools.console.Console$ [Thread-1] - [0m[[31merror[0m] [0m                                      ^[0m
2017-02-11 15:18:50,340 ERROR org.apache.predictionio.tools.console.Console$ [Thread-1] - [0m[[31merror[0m] [0mfour errors found[0m
2017-02-11 15:18:50,360 ERROR org.apache.predictionio.tools.console.Console$ [Thread-1] - [0m[[31merror[0m] [0m(compile:[31mcompile[0m) Compilation failed[0m
2017-02-11 15:18:50,364 ERROR org.apache.predictionio.tools.console.Console$ [Thread-1] - [0m[[31merror[0m] [0mTotal time: 3 s, completed Feb 11, 2017 3:18:50 PM[0m
2017-02-11 15:18:50,425 ERROR org.apache.predictionio.tools.console.Console$ [main] - Return code of previous step is 1. Aborting.
